anime_recom_date/AnimeRecApp/app/build/intermediates/manifest_merge_blame_file/debug/processDebugMainManifest/manifest-merger-blame-debug-report.txt
1<?xml version="1.0" encoding="utf-8"?>
2<manifest xmlns:android="http://schemas.android.com/apk/res/android"
3    package="com.animerec.app.debug"
4    android:versionCode="1"
5    android:versionName="1.0.0-debug" >
6
7    <uses-sdk
8        android:minSdkVersion="26"
9        android:targetSdkVersion="33" />
10
11    <uses-permission android:name="android.permission.INTERNET" />
11-->src/main/AndroidManifest.xml:5:5-67
11-->src/main/AndroidManifest.xml:5:22-64
12    <uses-permission android:name="android.permission.ACCESS_NETWORK_STATE" />
12-->src/main/AndroidManifest.xml:6:5-79
12-->src/main/AndroidManifest.xml:6:22-76
13    <uses-permission android:name="android.permission.WAKE_LOCK" />
13-->[androidx.work:work-runtime:2.7.1] AndroidManifest.xml:25:5-68
13-->[androidx.work:work-runtime:2.7.1] AndroidManifest.xml:25:22-65
14    <uses-permission android:name="android.permission.RECEIVE_BOOT_COMPLETED" />
14-->[androidx.work:work-runtime:2.7.1] AndroidManifest.xml:27:5-81
14-->[androidx.work:work-runtime:2.7.1] AndroidManifest.xml:27:22-78
15    <uses-permission android:name="android.permission.FOREGROUND_SERVICE" /> <!-- To store the heap dumps and leak analysis results. -->
15-->[androidx.work:work-runtime:2.7.1] AndroidManifest.xml:28:5-77
15-->[androidx.work:work-runtime:2.7.1] AndroidManifest.xml:28:22-74
16    <uses-permission android:name="android.permission.READ_EXTERNAL_STORAGE" />
16-->[com.squareup.leakcanary:leakcanary-android-core:2.9.1] AndroidManifest.xml:25:5-80
16-->[com.squareup.leakcanary:leakcanary-android-core:2.9.1] AndroidManifest.xml:25:22-77
17    <uses-permission android:name="android.permission.WRITE_EXTERNAL_STORAGE" />
17-->[com.squareup.leakcanary:leakcanary-android-core:2.9.1] AndroidManifest.xml:26:5-81
17-->[com.squareup.leakcanary:leakcanary-android-core:2.9.1] AndroidManifest.xml:26:22-78
18
19    <application
19-->src/main/AndroidManifest.xml:8:5-42:19
20        android:name="com.animerec.app.AnimeRecApp"
20-->src/main/AndroidManifest.xml:9:9-36
21        android:allowBackup="true"
21-->src/main/AndroidManifest.xml:10:9-35
22        android:appComponentFactory="androidx.core.app.CoreComponentFactory"
22-->[androidx.core:core:1.8.0] AndroidManifest.xml:24:18-86
23        android:debuggable="true"
24        android:extractNativeLibs="false"
25        android:icon="@mipmap/ic_launcher"
25-->src/main/AndroidManifest.xml:11:9-43
26        android:label="@string/app_name"
26-->src/main/AndroidManifest.xml:12:9-41
27        android:roundIcon="@mipmap/ic_launcher_round"
27-->src/main/AndroidManifest.xml:13:9-54
28        android:supportsRtl="true" >
28-->src/main/AndroidManifest.xml:14:9-35
29
30        <!-- android:theme="@style/Theme.AnimeRec"> -->
31
32
33        <!--
34        <activity
35            android:name=".ui.splash.SplashActivity"
36            android:exported="true"
37            android:theme="@style/SplashTheme">
38            <intent-filter>
39                <action android:name="android.intent.action.MAIN" />
40                <category android:name="android.intent.category.LAUNCHER" />
41            </intent-filter>
42        </activity>
43        -->
44
45        <activity
45-->src/main/AndroidManifest.xml:27:9-40:20
46            android:name="com.animerec.app.ui.MainActivity"
46-->src/main/AndroidManifest.xml:28:13-44
47            android:exported="true" >
47-->src/main/AndroidManifest.xml:29:13-36
48
49            <!-- For MAL OAuth redirect -->
50            <intent-filter>
50-->src/main/AndroidManifest.xml:32:13-39:29
51                <action android:name="android.intent.action.VIEW" />
51-->src/main/AndroidManifest.xml:33:17-69
51-->src/main/AndroidManifest.xml:33:25-66
52
53                <category android:name="android.intent.category.DEFAULT" />
53-->src/main/AndroidManifest.xml:34:17-76
53-->src/main/AndroidManifest.xml:34:27-73
54                <category android:name="android.intent.category.BROWSABLE" />
54-->src/main/AndroidManifest.xml:35:17-78
54-->src/main/AndroidManifest.xml:35:27-75
55
56                <data
56-->src/main/AndroidManifest.xml:36:17-38:43
57                    android:host="auth"
57-->src/main/AndroidManifest.xml:38:21-40
58                    android:scheme="animerec" />
58-->src/main/AndroidManifest.xml:37:21-46
59            </intent-filter>
60        </activity>
61
62        <provider
62-->[androidx.emoji2:emoji2:1.2.0] AndroidManifest.xml:24:9-32:20
63            android:name="androidx.startup.InitializationProvider"
63-->[androidx.emoji2:emoji2:1.2.0] AndroidManifest.xml:25:13-67
64            android:authorities="com.animerec.app.debug.androidx-startup"
64-->[androidx.emoji2:emoji2:1.2.0] AndroidManifest.xml:26:13-68
65            android:exported="false" >
65-->[androidx.emoji2:emoji2:1.2.0] AndroidManifest.xml:27:13-37
66            <meta-data
66-->[androidx.emoji2:emoji2:1.2.0] AndroidManifest.xml:29:13-31:52
67                android:name="androidx.emoji2.text.EmojiCompatInitializer"
67-->[androidx.emoji2:emoji2:1.2.0] AndroidManifest.xml:30:17-75
68                android:value="androidx.startup" />
68-->[androidx.emoji2:emoji2:1.2.0] AndroidManifest.xml:31:17-49
69            <meta-data
69-->[androidx.work:work-runtime:2.7.1] AndroidManifest.xml:36:13-38:52
70                android:name="androidx.work.WorkManagerInitializer"
70-->[androidx.work:work-runtime:2.7.1] AndroidManifest.xml:37:17-68
71                android:value="androidx.startup" />
71-->[androidx.work:work-runtime:2.7.1] AndroidManifest.xml:38:17-49
72            <meta-data
72-->[androidx.lifecycle:lifecycle-process:2.6.1] AndroidManifest.xml:29:13-31:52
73                android:name="androidx.lifecycle.ProcessLifecycleInitializer"
73-->[androidx.lifecycle:lifecycle-process:2.6.1] AndroidManifest.xml:30:17-78
74                android:value="androidx.startup" />
74-->[androidx.lifecycle:lifecycle-process:2.6.1] AndroidManifest.xml:31:17-49
75            <meta-data
75-->[androidx.profileinstaller:profileinstaller:1.3.0] AndroidManifest.xml:29:13-31:52
76                android:name="androidx.profileinstaller.ProfileInstallerInitializer"
76-->[androidx.profileinstaller:profileinstaller:1.3.0] AndroidManifest.xml:30:17-85
77                android:value="androidx.startup" />
77-->[androidx.profileinstaller:profileinstaller:1.3.0] AndroidManifest.xml:31:17-49
78        </provider>
79
80        <service
80-->[androidx.work:work-runtime:2.7.1] AndroidManifest.xml:41:9-46:35
81            android:name="androidx.work.impl.background.systemalarm.SystemAlarmService"
81-->[androidx.work:work-runtime:2.7.1] AndroidManifest.xml:42:13-88
82            android:directBootAware="false"
82-->[androidx.work:work-runtime:2.7.1] AndroidManifest.xml:43:13-44
83            android:enabled="@bool/enable_system_alarm_service_default"
83-->[androidx.work:work-runtime:2.7.1] AndroidManifest.xml:44:13-72
84            android:exported="false" />
84-->[androidx.work:work-runtime:2.7.1] AndroidManifest.xml:45:13-37
85        <service
85-->[androidx.work:work-runtime:2.7.1] AndroidManifest.xml:47:9-53:35
86            android:name="androidx.work.impl.background.systemjob.SystemJobService"
86-->[androidx.work:work-runtime:2.7.1] AndroidManifest.xml:48:13-84
87            android:directBootAware="false"
87-->[androidx.work:work-runtime:2.7.1] AndroidManifest.xml:49:13-44
88            android:enabled="@bool/enable_system_job_service_default"
88-->[androidx.work:work-runtime:2.7.1] AndroidManifest.xml:50:13-70
89            android:exported="true"
89-->[androidx.work:work-runtime:2.7.1] AndroidManifest.xml:51:13-36
90            android:permission="android.permission.BIND_JOB_SERVICE" />
90-->[androidx.work:work-runtime:2.7.1] AndroidManifest.xml:52:13-69
91        <service
91-->[androidx.work:work-runtime:2.7.1] AndroidManifest.xml:54:9-59:35
92            android:name="androidx.work.impl.foreground.SystemForegroundService"
92-->[androidx.work:work-runtime:2.7.1] AndroidManifest.xml:55:13-81
93            android:directBootAware="false"
93-->[androidx.work:work-runtime:2.7.1] AndroidManifest.xml:56:13-44
94            android:enabled="@bool/enable_system_foreground_service_default"
94-->[androidx.work:work-runtime:2.7.1] AndroidManifest.xml:57:13-77
95            android:exported="false" />
95-->[androidx.work:work-runtime:2.7.1] AndroidManifest.xml:58:13-37
96
97        <receiver
97-->[androidx.work:work-runtime:2.7.1] AndroidManifest.xml:61:9-66:35
98            android:name="androidx.work.impl.utils.ForceStopRunnable$BroadcastReceiver"
98-->[androidx.work:work-runtime:2.7.1] AndroidManifest.xml:62:13-88
99            android:directBootAware="false"
99-->[androidx.work:work-runtime:2.7.1] AndroidManifest.xml:63:13-44
100            android:enabled="true"
100-->[androidx.work:work-runtime:2.7.1] AndroidManifest.xml:64:13-35
101            android:exported="false" />
101-->[androidx.work:work-runtime:2.7.1] AndroidManifest.xml:65:13-37
102        <receiver
102-->[androidx.work:work-runtime:2.7.1] AndroidManifest.xml:67:9-77:20
103            android:name="androidx.work.impl.background.systemalarm.ConstraintProxy$BatteryChargingProxy"
103-->[androidx.work:work-runtime:2.7.1] AndroidManifest.xml:68:13-106
104            android:directBootAware="false"
104-->[androidx.work:work-runtime:2.7.1] AndroidManifest.xml:69:13-44
105            android:enabled="false"
105-->[androidx.work:work-runtime:2.7.1] AndroidManifest.xml:70:13-36
106            android:exported="false" >
106-->[androidx.work:work-runtime:2.7.1] AndroidManifest.xml:71:13-37
107            <intent-filter>
107-->[androidx.work:work-runtime:2.7.1] AndroidManifest.xml:73:13-76:29
108                <action android:name="android.intent.action.ACTION_POWER_CONNECTED" />
108-->[androidx.work:work-runtime:2.7.1] AndroidManifest.xml:74:17-87
108-->[androidx.work:work-runtime:2.7.1] AndroidManifest.xml:74:25-84
109                <action android:name="android.intent.action.ACTION_POWER_DISCONNECTED" />
109-->[androidx.work:work-runtime:2.7.1] AndroidManifest.xml:75:17-90
109-->[androidx.work:work-runtime:2.7.1] AndroidManifest.xml:75:25-87
110            </intent-filter>
111        </receiver>
112        <receiver
112-->[androidx.work:work-runtime:2.7.1] AndroidManifest.xml:78:9-88:20
113            android:name="androidx.work.impl.background.systemalarm.ConstraintProxy$BatteryNotLowProxy"
113-->[androidx.work:work-runtime:2.7.1] AndroidManifest.xml:79:13-104
114            android:directBootAware="false"
114-->[androidx.work:work-runtime:2.7.1] AndroidManifest.xml:80:13-44
115            android:enabled="false"
115-->[androidx.work:work-runtime:2.7.1] AndroidManifest.xml:81:13-36
116            android:exported="false" >
116-->[androidx.work:work-runtime:2.7.1] AndroidManifest.xml:82:13-37
117            <intent-filter>
117-->[androidx.work:work-runtime:2.7.1] AndroidManifest.xml:84:13-87:29
118                <action android:name="android.intent.action.BATTERY_OKAY" />
118-->[androidx.work:work-runtime:2.7.1] AndroidManifest.xml:85:17-77
118-->[androidx.work:work-runtime:2.7.1] AndroidManifest.xml:85:25-74
119                <action android:name="android.intent.action.BATTERY_LOW" />
119-->[androidx.work:work-runtime:2.7.1] AndroidManifest.xml:86:17-76
119-->[androidx.work:work-runtime:2.7.1] AndroidManifest.xml:86:25-73
120            </intent-filter>
121        </receiver>
122        <receiver
122-->[androidx.work:work-runtime:2.7.1] AndroidManifest.xml:89:9-99:20
123            android:name="androidx.work.impl.background.systemalarm.ConstraintProxy$StorageNotLowProxy"
123-->[androidx.work:work-runtime:2.7.1] AndroidManifest.xml:90:13-104
124            android:directBootAware="false"
124-->[androidx.work:work-runtime:2.7.1] AndroidManifest.xml:91:13-44
125            android:enabled="false"
125-->[androidx.work:work-runtime:2.7.1] AndroidManifest.xml:92:13-36
126            android:exported="false" >
126-->[androidx.work:work-runtime:2.7.1] AndroidManifest.xml:93:13-37
127            <intent-filter>
127-->[androidx.work:work-runtime:2.7.1] AndroidManifest.xml:95:13-98:29
128                <action android:name="android.intent.action.DEVICE_STORAGE_LOW" />
128-->[androidx.work:work-runtime:2.7.1] AndroidManifest.xml:96:17-83
128-->[androidx.work:work-runtime:2.7.1] AndroidManifest.xml:96:25-80
129                <action android:name="android.intent.action.DEVICE_STORAGE_OK" />
129-->[androidx.work:work-runtime:2.7.1] AndroidManifest.xml:97:17-82
129-->[androidx.work:work-runtime:2.7.1] AndroidManifest.xml:97:25-79
130            </intent-filter>
131        </receiver>
132        <receiver
132-->[androidx.work:work-runtime:2.7.1] AndroidManifest.xml:100:9-109:20
133            android:name="androidx.work.impl.background.systemalarm.ConstraintProxy$NetworkStateProxy"
133-->[androidx.work:work-runtime:2.7.1] AndroidManifest.xml:101:13-103
134            android:directBootAware="false"
134-->[androidx.work:work-runtime:2.7.1] AndroidManifest.xml:102:13-44
135            android:enabled="false"
135-->[androidx.work:work-runtime:2.7.1] AndroidManifest.xml:103:13-36
136            android:exported="false" >
136-->[androidx.work:work-runtime:2.7.1] AndroidManifest.xml:104:13-37
137            <intent-filter>
137-->[androidx.work:work-runtime:2.7.1] AndroidManifest.xml:106:13-108:29
138                <action android:name="android.net.conn.CONNECTIVITY_CHANGE" />
138-->[androidx.work:work-runtime:2.7.1] AndroidManifest.xml:107:17-79
138-->[androidx.work:work-runtime:2.7.1] AndroidManifest.xml:107:25-76
139            </intent-filter>
140        </receiver>
141        <receiver
141-->[androidx.work:work-runtime:2.7.1] AndroidManifest.xml:110:9-121:20
142            android:name="androidx.work.impl.background.systemalarm.RescheduleReceiver"
142-->[androidx.work:work-runtime:2.7.1] AndroidManifest.xml:111:13-88
143            android:directBootAware="false"
143-->[androidx.work:work-runtime:2.7.1] AndroidManifest.xml:112:13-44
144            android:enabled="false"
144-->[androidx.work:work-runtime:2.7.1] AndroidManifest.xml:113:13-36
145            android:exported="false" >
145-->[androidx.work:work-runtime:2.7.1] AndroidManifest.xml:114:13-37
146            <intent-filter>
146-->[androidx.work:work-runtime:2.7.1] AndroidManifest.xml:116:13-120:29
147                <action android:name="android.intent.action.BOOT_COMPLETED" />
147-->[androidx.work:work-runtime:2.7.1] AndroidManifest.xml:117:17-79
147-->[androidx.work:work-runtime:2.7.1] AndroidManifest.xml:117:25-76
148                <action android:name="android.intent.action.TIME_SET" />
148-->[androidx.work:work-runtime:2.7.1] AndroidManifest.xml:118:17-73
148-->[androidx.work:work-runtime:2.7.1] AndroidManifest.xml:118:25-70
149                <action android:name="android.intent.action.TIMEZONE_CHANGED" />
149-->[androidx.work:work-runtime:2.7.1] AndroidManifest.xml:119:17-81
149-->[androidx.work:work-runtime:2.7.1] AndroidManifest.xml:119:25-78
150            </intent-filter>
151        </receiver>
152        <receiver
152-->[androidx.work:work-runtime:2.7.1] AndroidManifest.xml:122:9-131:20
153            android:name="androidx.work.impl.background.systemalarm.ConstraintProxyUpdateReceiver"
153-->[androidx.work:work-runtime:2.7.1] AndroidManifest.xml:123:13-99
154            android:directBootAware="false"
154-->[androidx.work:work-runtime:2.7.1] AndroidManifest.xml:124:13-44
155            android:enabled="@bool/enable_system_alarm_service_default"
155-->[androidx.work:work-runtime:2.7.1] AndroidManifest.xml:125:13-72
156            android:exported="false" >
156-->[androidx.work:work-runtime:2.7.1] AndroidManifest.xml:126:13-37
157            <intent-filter>
157-->[androidx.work:work-runtime:2.7.1] AndroidManifest.xml:128:13-130:29
158                <action android:name="androidx.work.impl.background.systemalarm.UpdateProxies" />
158-->[androidx.work:work-runtime:2.7.1] AndroidManifest.xml:129:17-98
158-->[androidx.work:work-runtime:2.7.1] AndroidManifest.xml:129:25-95
159            </intent-filter>
160        </receiver>
161        <receiver
161-->[androidx.work:work-runtime:2.7.1] AndroidManifest.xml:132:9-142:20
162            android:name="androidx.work.impl.diagnostics.DiagnosticsReceiver"
162-->[androidx.work:work-runtime:2.7.1] AndroidManifest.xml:133:13-78
163            android:directBootAware="false"
163-->[androidx.work:work-runtime:2.7.1] AndroidManifest.xml:134:13-44
164            android:enabled="true"
164-->[androidx.work:work-runtime:2.7.1] AndroidManifest.xml:135:13-35
165            android:exported="true"
165-->[androidx.work:work-runtime:2.7.1] AndroidManifest.xml:136:13-36
166            android:permission="android.permission.DUMP" >
166-->[androidx.work:work-runtime:2.7.1] AndroidManifest.xml:137:13-57
167            <intent-filter>
167-->[androidx.work:work-runtime:2.7.1] AndroidManifest.xml:139:13-141:29
168                <action android:name="androidx.work.diagnostics.REQUEST_DIAGNOSTICS" />
168-->[androidx.work:work-runtime:2.7.1] AndroidManifest.xml:140:17-88
168-->[androidx.work:work-runtime:2.7.1] AndroidManifest.xml:140:25-85
169            </intent-filter>
170        </receiver>
171
172        <uses-library
172-->[androidx.window:window:1.0.0] AndroidManifest.xml:25:9-27:40
173            android:name="androidx.window.extensions"
173-->[androidx.window:window:1.0.0] AndroidManifest.xml:26:13-54
174            android:required="false" />
174-->[androidx.window:window:1.0.0] AndroidManifest.xml:27:13-37
175        <uses-library
175-->[androidx.window:window:1.0.0] AndroidManifest.xml:28:9-30:40
176            android:name="androidx.window.sidecar"
176-->[androidx.window:window:1.0.0] AndroidManifest.xml:29:13-51
177            android:required="false" />
177-->[androidx.window:window:1.0.0] AndroidManifest.xml:30:13-37
178
179        <provider
179-->[com.squareup.leakcanary:leakcanary-android-core:2.9.1] AndroidManifest.xml:31:9-39:20
180            android:name="leakcanary.internal.LeakCanaryFileProvider"
180-->[com.squareup.leakcanary:leakcanary-android-core:2.9.1] AndroidManifest.xml:32:13-70
181            android:authorities="com.squareup.leakcanary.fileprovider.com.animerec.app.debug"
181-->[com.squareup.leakcanary:leakcanary-android-core:2.9.1] AndroidManifest.xml:33:13-88
182            android:exported="false"
182-->[com.squareup.leakcanary:leakcanary-android-core:2.9.1] AndroidManifest.xml:34:13-37
183            android:grantUriPermissions="true" >
183-->[com.squareup.leakcanary:leakcanary-android-core:2.9.1] AndroidManifest.xml:35:13-47
184            <meta-data
184-->[com.squareup.leakcanary:leakcanary-android-core:2.9.1] AndroidManifest.xml:36:13-38:66
185                android:name="android.support.FILE_PROVIDER_PATHS"
185-->[com.squareup.leakcanary:leakcanary-android-core:2.9.1] AndroidManifest.xml:37:17-67
186                android:resource="@xml/leak_canary_file_paths" />
186-->[com.squareup.leakcanary:leakcanary-android-core:2.9.1] AndroidManifest.xml:38:17-63
187        </provider>
188
189        <activity
189-->[com.squareup.leakcanary:leakcanary-android-core:2.9.1] AndroidManifest.xml:41:9-72:20
190            android:name="leakcanary.internal.activity.LeakActivity"
190-->[com.squareup.leakcanary:leakcanary-android-core:2.9.1] AndroidManifest.xml:42:13-69
191            android:exported="true"
191-->[com.squareup.leakcanary:leakcanary-android-core:2.9.1] AndroidManifest.xml:43:13-36
192            android:icon="@mipmap/leak_canary_icon"
192-->[com.squareup.leakcanary:leakcanary-android-core:2.9.1] AndroidManifest.xml:44:13-52
193            android:label="@string/leak_canary_display_activity_label"
193-->[com.squareup.leakcanary:leakcanary-android-core:2.9.1] AndroidManifest.xml:45:13-71
194            android:taskAffinity="com.squareup.leakcanary.com.animerec.app.debug"
194-->[com.squareup.leakcanary:leakcanary-android-core:2.9.1] AndroidManifest.xml:46:13-76
195            android:theme="@style/leak_canary_LeakCanary.Base" >
195-->[com.squareup.leakcanary:leakcanary-android-core:2.9.1] AndroidManifest.xml:47:13-63
196            <intent-filter android:label="@string/leak_canary_import_hprof_file" >
196-->[com.squareup.leakcanary:leakcanary-android-core:2.9.1] AndroidManifest.xml:48:13-71:29
196-->[com.squareup.leakcanary:leakcanary-android-core:2.9.1] AndroidManifest.xml:48:28-81
197                <action android:name="android.intent.action.VIEW" />
197-->src/main/AndroidManifest.xml:33:17-69
197-->src/main/AndroidManifest.xml:33:25-66
198
199                <category android:name="android.intent.category.DEFAULT" />
199-->src/main/AndroidManifest.xml:34:17-76
199-->src/main/AndroidManifest.xml:34:27-73
200                <category android:name="android.intent.category.BROWSABLE" />
200-->src/main/AndroidManifest.xml:35:17-78
200-->src/main/AndroidManifest.xml:35:27-75
201
202                <data android:scheme="file" />
202-->src/main/AndroidManifest.xml:36:17-38:43
202-->src/main/AndroidManifest.xml:37:21-46
203                <data android:scheme="content" />
203-->src/main/AndroidManifest.xml:36:17-38:43
203-->src/main/AndroidManifest.xml:37:21-46
204                <data android:mimeType="*/*" />
204-->src/main/AndroidManifest.xml:36:17-38:43
205                <data android:host="*" />
205-->src/main/AndroidManifest.xml:36:17-38:43
205-->src/main/AndroidManifest.xml:38:21-40
206                <data android:pathPattern=".*\\.hprof" />
206-->src/main/AndroidManifest.xml:36:17-38:43
207                <data android:pathPattern=".*\\..*\\.hprof" />
207-->src/main/AndroidManifest.xml:36:17-38:43
208                <data android:pathPattern=".*\\..*\\..*\\.hprof" />
208-->src/main/AndroidManifest.xml:36:17-38:43
209                <data android:pathPattern=".*\\..*\\..*\\..*\\.hprof" />
209-->src/main/AndroidManifest.xml:36:17-38:43
210                <data android:pathPattern=".*\\..*\\..*\\..*\\..*\\.hprof" />
210-->src/main/AndroidManifest.xml:36:17-38:43
211                <data android:pathPattern=".*\\..*\\..*\\..*\\..*\\..*\\.hprof" />
211-->src/main/AndroidManifest.xml:36:17-38:43
212                <data android:pathPattern=".*\\..*\\..*\\..*\\..*\\..*\\..*\\.hprof" />
212-->src/main/AndroidManifest.xml:36:17-38:43
213                <!--
214            Since hprof isn't a standard MIME type, we have to declare such patterns.
215            Most file providers will generate URIs including their own package name,
216            which contains `.` characters that must be explicitly escaped in pathPattern.
217            @see https://stackoverflow.com/a/31028507/703646
218                -->
219            </intent-filter>
220        </activity>
221
222        <activity-alias
222-->[com.squareup.leakcanary:leakcanary-android-core:2.9.1] AndroidManifest.xml:74:9-91:26
223            android:name="leakcanary.internal.activity.LeakLauncherActivity"
223-->[com.squareup.leakcanary:leakcanary-android-core:2.9.1] AndroidManifest.xml:75:13-77
224            android:banner="@drawable/leak_canary_tv_icon"
224-->[com.squareup.leakcanary:leakcanary-android-core:2.9.1] AndroidManifest.xml:76:13-59
225            android:enabled="@bool/leak_canary_add_launcher_icon"
225-->[com.squareup.leakcanary:leakcanary-android-core:2.9.1] AndroidManifest.xml:77:13-66
226            android:exported="true"
226-->[com.squareup.leakcanary:leakcanary-android-core:2.9.1] AndroidManifest.xml:78:13-36
227            android:icon="@mipmap/leak_canary_icon"
227-->[com.squareup.leakcanary:leakcanary-android-core:2.9.1] AndroidManifest.xml:79:13-52
228            android:label="@string/leak_canary_display_activity_label"
228-->[com.squareup.leakcanary:leakcanary-android-core:2.9.1] AndroidManifest.xml:80:13-71
229            android:targetActivity="leakcanary.internal.activity.LeakActivity"
229-->[com.squareup.leakcanary:leakcanary-android-core:2.9.1] AndroidManifest.xml:81:13-79
230            android:taskAffinity="com.squareup.leakcanary.com.animerec.app.debug"
230-->[com.squareup.leakcanary:leakcanary-android-core:2.9.1] AndroidManifest.xml:82:13-76
231            android:theme="@style/leak_canary_LeakCanary.Base" >
231-->[com.squareup.leakcanary:leakcanary-android-core:2.9.1] AndroidManifest.xml:83:13-63
232            <intent-filter>
232-->[com.squareup.leakcanary:leakcanary-android-core:2.9.1] AndroidManifest.xml:84:13-90:29
233                <action android:name="android.intent.action.MAIN" />
233-->[com.squareup.leakcanary:leakcanary-android-core:2.9.1] AndroidManifest.xml:85:17-69
233-->[com.squareup.leakcanary:leakcanary-android-core:2.9.1] AndroidManifest.xml:85:25-66
234
235                <category android:name="android.intent.category.LAUNCHER" />
235-->[com.squareup.leakcanary:leakcanary-android-core:2.9.1] AndroidManifest.xml:87:17-77
235-->[com.squareup.leakcanary:leakcanary-android-core:2.9.1] AndroidManifest.xml:87:27-74
236                <!-- Android TV launcher intent -->
237                <category android:name="android.intent.category.LEANBACK_LAUNCHER" />
237-->[com.squareup.leakcanary:leakcanary-android-core:2.9.1] AndroidManifest.xml:89:17-86
237-->[com.squareup.leakcanary:leakcanary-android-core:2.9.1] AndroidManifest.xml:89:27-83
238            </intent-filter>
239        </activity-alias>
240
241        <activity
241-->[com.squareup.leakcanary:leakcanary-android-core:2.9.1] AndroidManifest.xml:93:9-99:68
242            android:name="leakcanary.internal.RequestStoragePermissionActivity"
242-->[com.squareup.leakcanary:leakcanary-android-core:2.9.1] AndroidManifest.xml:94:13-80
243            android:excludeFromRecents="true"
243-->[com.squareup.leakcanary:leakcanary-android-core:2.9.1] AndroidManifest.xml:95:13-46
244            android:icon="@mipmap/leak_canary_icon"
244-->[com.squareup.leakcanary:leakcanary-android-core:2.9.1] AndroidManifest.xml:96:13-52
245            android:label="@string/leak_canary_storage_permission_activity_label"
245-->[com.squareup.leakcanary:leakcanary-android-core:2.9.1] AndroidManifest.xml:97:13-82
246            android:taskAffinity="com.squareup.leakcanary.com.animerec.app.debug"
246-->[com.squareup.leakcanary:leakcanary-android-core:2.9.1] AndroidManifest.xml:98:13-76
247            android:theme="@style/leak_canary_Theme.Transparent" />
247-->[com.squareup.leakcanary:leakcanary-android-core:2.9.1] AndroidManifest.xml:99:13-65
248
249        <receiver android:name="leakcanary.internal.NotificationReceiver" />
249-->[com.squareup.leakcanary:leakcanary-android-core:2.9.1] AndroidManifest.xml:101:9-77
249-->[com.squareup.leakcanary:leakcanary-android-core:2.9.1] AndroidManifest.xml:101:19-74
250
251        <provider
251-->[com.squareup.leakcanary:leakcanary-object-watcher-android:2.9.1] AndroidManifest.xml:8:9-12:40
252            android:name="leakcanary.internal.MainProcessAppWatcherInstaller"
252-->[com.squareup.leakcanary:leakcanary-object-watcher-android:2.9.1] AndroidManifest.xml:9:13-78
253            android:authorities="com.animerec.app.debug.leakcanary-installer"
253-->[com.squareup.leakcanary:leakcanary-object-watcher-android:2.9.1] AndroidManifest.xml:10:13-72
254            android:enabled="@bool/leak_canary_watcher_auto_install"
254-->[com.squareup.leakcanary:leakcanary-object-watcher-android:2.9.1] AndroidManifest.xml:11:13-69
255            android:exported="false" />
255-->[com.squareup.leakcanary:leakcanary-object-watcher-android:2.9.1] AndroidManifest.xml:12:13-37
256        <provider
256-->[com.squareup.leakcanary:plumber-android:2.9.1] AndroidManifest.xml:8:9-12:40
257            android:name="leakcanary.internal.PlumberInstaller"
257-->[com.squareup.leakcanary:plumber-android:2.9.1] AndroidManifest.xml:9:13-64
258            android:authorities="com.animerec.app.debug.plumber-installer"
258-->[com.squareup.leakcanary:plumber-android:2.9.1] AndroidManifest.xml:10:13-69
259            android:enabled="@bool/leak_canary_plumber_auto_install"
259-->[com.squareup.leakcanary:plumber-android:2.9.1] AndroidManifest.xml:11:13-69
260            android:exported="false" />
260-->[com.squareup.leakcanary:plumber-android:2.9.1] AndroidManifest.xml:12:13-37
261
262        <service
262-->[androidx.room:room-runtime:2.5.2] AndroidManifest.xml:24:9-28:63
263            android:name="androidx.room.MultiInstanceInvalidationService"
263-->[androidx.room:room-runtime:2.5.2] AndroidManifest.xml:25:13-74
264            android:directBootAware="true"
264-->[androidx.room:room-runtime:2.5.2] AndroidManifest.xml:26:13-43
265            android:exported="false" />
265-->[androidx.room:room-runtime:2.5.2] AndroidManifest.xml:27:13-37
266
267        <receiver
267-->[androidx.profileinstaller:profileinstaller:1.3.0] AndroidManifest.xml:34:9-52:20
268            android:name="androidx.profileinstaller.ProfileInstallReceiver"
268-->[androidx.profileinstaller:profileinstaller:1.3.0] AndroidManifest.xml:35:13-76
269            android:directBootAware="false"
269-->[androidx.profileinstaller:profileinstaller:1.3.0] AndroidManifest.xml:36:13-44
270            android:enabled="true"
270-->[androidx.profileinstaller:profileinstaller:1.3.0] AndroidManifest.xml:37:13-35
271            android:exported="true"
271-->[androidx.profileinstaller:profileinstaller:1.3.0] AndroidManifest.xml:38:13-36
272            android:permission="android.permission.DUMP" >
272-->[androidx.profileinstaller:profileinstaller:1.3.0] AndroidManifest.xml:39:13-57
273            <intent-filter>
273-->[androidx.profileinstaller:profileinstaller:1.3.0] AndroidManifest.xml:40:13-42:29
274                <action android:name="androidx.profileinstaller.action.INSTALL_PROFILE" />
274-->[androidx.profileinstaller:profileinstaller:1.3.0] AndroidManifest.xml:41:17-91
274-->[androidx.profileinstaller:profileinstaller:1.3.0] AndroidManifest.xml:41:25-88
275            </intent-filter>
276            <intent-filter>
276-->[androidx.profileinstaller:profileinstaller:1.3.0] AndroidManifest.xml:43:13-45:29